{"level":"info","message":"GENERAL | status code: 200 on http://www.pcgarage.ro","timestamp":"2017-05-04T19:22:32.352Z"}
{"level":"info","message":"GENERAL | status code: 200 on http://www.pcgarage.ro","timestamp":"2017-05-04T20:21:01.392Z"}
{"level":"info","message":"GENERAL | status code: 200 on http://www.pcgarage.ro","timestamp":"2017-05-04T20:21:48.548Z"}
{"level":"error","message":"GENERAL | Attempt to reconnect to http://www.emag.ro","timestamp":"2017-05-04T20:21:48.885Z"}
{"level":"info","message":"GENERAL | status code: 200 on http://www.pcgarage.ro","timestamp":"2017-05-04T20:22:24.908Z"}
{"level":"error","message":"GENERAL | Attempt to reconnect to http://www.emag.ro","timestamp":"2017-05-04T20:22:25.091Z"}
{"level":"info","message":"GENERAL | status code: 200 on http://www.pcgarage.ro","timestamp":"2017-05-04T20:27:13.429Z"}
{"level":"error","message":"GENERAL | Attempt to reconnect to http://www.emag.ro","timestamp":"2017-05-04T20:27:13.652Z"}
{"level":"info","message":"GENERAL | status code: 200 on http://www.pcgarage.ro","timestamp":"2017-05-04T20:28:04.951Z"}
{"level":"error","message":"GENERAL | Attempt to reconnect to http://www.emag.ro","timestamp":"2017-05-04T20:28:05.031Z"}
{"level":"info","message":"GENERAL | status code: 200 on http://www.pcgarage.ro","timestamp":"2017-05-04T20:28:05.965Z"}
{"level":"error","message":"GENERAL | Attempt to reconnect to http://www.emag.ro","timestamp":"2017-05-04T20:28:06.150Z"}
{"level":"info","message":"GENERAL | status code: 200 on http://www.pcgarage.ro","timestamp":"2017-05-04T20:28:06.886Z"}
{"level":"error","message":"GENERAL | Attempt to reconnect to http://www.emag.ro","timestamp":"2017-05-04T20:28:07.323Z"}
{"level":"error","message":"GENERAL | Attempt to reconnect to http://www.emag.ro","timestamp":"2017-05-04T20:28:08.464Z"}
{"level":"info","message":"GENERAL | status code: 200 on http://www.pcgarage.ro","timestamp":"2017-05-04T20:28:08.493Z"}
{"level":"info","message":"GENERAL | status code: 200 on http://www.pcgarage.ro","timestamp":"2017-05-04T20:28:09.231Z"}
{"level":"error","message":"GENERAL | Attempt to reconnect to http://www.emag.ro","timestamp":"2017-05-04T20:28:09.579Z"}
{"level":"info","message":"GENERAL | status code: 200 on http://www.pcgarage.ro","timestamp":"2017-05-04T20:28:10.377Z"}
{"level":"error","message":"GENERAL | Attempt to reconnect to http://www.emag.ro","timestamp":"2017-05-04T20:28:10.700Z"}
{"level":"info","message":"GENERAL | status code: 200 on http://www.pcgarage.ro","timestamp":"2017-05-04T20:28:11.681Z"}
{"level":"error","message":"GENERAL | Attempt to reconnect to http://www.emag.ro","timestamp":"2017-05-04T20:28:11.810Z"}
{"level":"info","message":"GENERAL | status code: 200 on http://www.pcgarage.ro","timestamp":"2017-05-04T20:28:12.719Z"}
{"level":"error","message":"GENERAL | Attempt to reconnect to http://www.emag.ro","timestamp":"2017-05-04T20:28:12.930Z"}
{"level":"error","message":"GENERAL | Attempt to reconnect to http://www.emag.ro","timestamp":"2017-05-04T20:28:14.030Z"}
{"level":"info","message":"GENERAL | status code: 200 on http://www.pcgarage.ro","timestamp":"2017-05-04T20:28:14.033Z"}
{"level":"info","message":"GENERAL | status code: 200 on http://www.pcgarage.ro","timestamp":"2017-05-04T20:28:14.988Z"}
{"level":"error","message":"GENERAL | Attempt to reconnect to http://www.emag.ro","timestamp":"2017-05-04T20:28:15.143Z"}
{"level":"info","message":"GENERAL | status code: 200 on http://www.pcgarage.ro","timestamp":"2017-05-04T20:28:16.350Z"}
{"level":"error","message":"GENERAL | Attempt to reconnect to http://www.emag.ro","timestamp":"2017-05-04T20:28:16.352Z"}
{"level":"info","message":"GENERAL | status code: 200 on http://www.pcgarage.ro","timestamp":"2017-05-04T20:28:17.296Z"}
{"level":"error","message":"GENERAL | Attempt to reconnect to http://www.emag.ro","timestamp":"2017-05-04T20:28:17.471Z"}
{"level":"info","message":"GENERAL | status code: 200 on http://www.pcgarage.ro","timestamp":"2017-05-04T20:29:03.763Z"}
{"level":"error","message":"GENERAL | Attempt to reconnect to http://www.emag.ro","timestamp":"2017-05-04T20:29:04.101Z"}
{"level":"info","message":"GENERAL | status code: 200 on http://www.pcgarage.ro","timestamp":"2017-05-04T20:30:44.129Z"}
{"level":"error","message":"GENERAL | Attempt to reconnect to http://www.emag.ro","timestamp":"2017-05-04T20:30:44.412Z"}
{"level":"info","message":"GENERAL | status code: 200 on http://www.pcgarage.ro","timestamp":"2017-05-04T20:31:05.439Z"}
{"level":"error","message":"GENERAL | Attempt to reconnect to http://www.emag.ro","timestamp":"2017-05-04T20:31:05.577Z"}
{"level":"info","message":"GENERAL | status code: 200 on http://www.pcgarage.ro","timestamp":"2017-05-04T20:31:32.303Z"}
{"level":"error","message":"GENERAL | Attempt to reconnect to http://www.emag.ro","timestamp":"2017-05-04T20:31:32.641Z"}
{"level":"info","message":"GENERAL | status code: 200 on http://www.pcgarage.ro","timestamp":"2017-05-04T20:31:49.883Z"}
{"level":"error","message":"GENERAL | Attempt to reconnect to http://www.emag.ro","timestamp":"2017-05-04T20:31:50.283Z"}
{"level":"info","message":"GENERAL | status code: 200 on http://www.pcgarage.ro","timestamp":"2017-05-04T20:32:46.379Z"}
{"level":"error","message":"GENERAL | Attempt to reconnect to http://www.emag.ro","timestamp":"2017-05-04T20:32:46.568Z"}
{"level":"error","message":"GENERAL | Attempt to reconnect to http://www.emag.ro","timestamp":"2017-05-04T20:32:47.689Z"}
{"level":"error","message":"GENERAL | Attempt to reconnect to http://www.emag.ro","timestamp":"2017-05-04T20:32:48.806Z"}
{"level":"error","message":"GENERAL | Attempt to reconnect to http://www.emag.ro","timestamp":"2017-05-04T20:32:49.920Z"}
{"level":"error","message":"GENERAL | Attempt to reconnect to http://www.emag.ro","timestamp":"2017-05-04T20:32:51.044Z"}
{"level":"error","message":"GENERAL | Failed to connect to http://www.emag.ro","timestamp":"2017-05-04T20:32:51.166Z"}
{"level":"info","message":"GENERAL | status code: 200 on http://www.pcgarage.ro","timestamp":"2017-05-04T20:32:59.048Z"}
{"level":"error","message":"GENERAL | Attempt to reconnect to http://www.emag.ro","timestamp":"2017-05-04T20:32:59.384Z"}
{"level":"error","message":"GENERAL | Attempt to reconnect to http://www.emag.ro","timestamp":"2017-05-04T20:33:00.506Z"}
{"level":"error","message":"GENERAL | Attempt to reconnect to http://www.emag.ro","timestamp":"2017-05-04T20:33:01.627Z"}
{"level":"error","message":"GENERAL | Attempt to reconnect to http://www.emag.ro","timestamp":"2017-05-04T20:33:02.747Z"}
{"level":"error","message":"GENERAL | Attempt to reconnect to http://www.emag.ro","timestamp":"2017-05-04T20:33:03.867Z"}
{"level":"error","message":"GENERAL | Failed to connect to http://www.emag.ro","timestamp":"2017-05-04T20:33:03.993Z"}
{"level":"info","message":"GENERAL | status code: 200 on http://www.pcgarage.ro","timestamp":"2017-05-04T20:50:10.617Z"}
{"level":"error","message":"GENERAL | Attempt to reconnect to http://www.emag.ro","timestamp":"2017-05-04T20:50:10.961Z"}
{"level":"error","message":"GENERAL | Attempt to reconnect to http://www.emag.ro","timestamp":"2017-05-04T20:50:12.080Z"}
{"level":"error","message":"GENERAL | Attempt to reconnect to http://www.emag.ro","timestamp":"2017-05-04T20:50:13.200Z"}
{"level":"error","message":"GENERAL | Attempt to reconnect to http://www.emag.ro","timestamp":"2017-05-04T20:50:14.321Z"}
{"level":"error","message":"GENERAL | Attempt to reconnect to http://www.emag.ro","timestamp":"2017-05-04T20:50:15.450Z"}
{"level":"error","message":"GENERAL | Failed to connect to http://www.emag.ro","timestamp":"2017-05-04T20:50:15.581Z"}
{"level":"info","message":"GENERAL | status code: 200 on http://www.pcgarage.ro","timestamp":"2017-05-04T21:02:28.484Z"}
{"level":"error","message":"GENERAL | Attempt to reconnect to http://www.emag.ro","timestamp":"2017-05-04T21:02:28.745Z"}
{"level":"info","message":"GENERAL | status code: 200 on http://www.pcgarage.ro","timestamp":"2017-05-04T21:02:48.782Z"}
{"level":"error","message":"GENERAL | Attempt to reconnect to http://www.emag.ro","timestamp":"2017-05-04T21:02:48.974Z"}
{"level":"error","message":"GENERAL | Attempt to reconnect to http://www.emag.ro","timestamp":"2017-05-04T21:02:50.104Z"}
{"level":"error","message":"GENERAL | Attempt to reconnect to http://www.emag.ro","timestamp":"2017-05-04T21:02:51.222Z"}
{"level":"error","message":"GENERAL | Attempt to reconnect to http://www.emag.ro","timestamp":"2017-05-04T21:02:52.346Z"}
{"level":"error","message":"GENERAL | Attempt to reconnect to http://www.emag.ro","timestamp":"2017-05-04T21:02:53.480Z"}
{"level":"error","message":"GENERAL | Failed to connect to http://www.emag.ro","timestamp":"2017-05-04T21:02:53.628Z"}
{"level":"info","message":"GENERAL | status code: 200 on http://www.pcgarage.ro","timestamp":"2017-05-04T21:03:00.771Z"}
{"level":"error","message":"GENERAL | Attempt to reconnect to http://www.emag.ro","timestamp":"2017-05-04T21:03:01.156Z"}
{"level":"error","message":"GENERAL | Attempt to reconnect to http://www.emag.ro","timestamp":"2017-05-04T21:03:02.275Z"}
{"level":"error","message":"GENERAL | Attempt to reconnect to http://www.emag.ro","timestamp":"2017-05-04T21:03:03.403Z"}
{"level":"error","message":"GENERAL | Attempt to reconnect to http://www.emag.ro","timestamp":"2017-05-04T21:03:04.518Z"}
{"level":"error","message":"GENERAL | Attempt to reconnect to http://www.emag.ro","timestamp":"2017-05-04T21:03:05.650Z"}
{"level":"error","message":"GENERAL | Failed to connect to http://www.emag.ro","timestamp":"2017-05-04T21:03:05.771Z"}
{"level":"info","message":"GENERAL | status code: 200 on http://www.pcgarage.ro","timestamp":"2017-05-04T21:03:09.667Z"}
{"level":"error","message":"GENERAL | Attempt to reconnect to http://www.emag.ro","timestamp":"2017-05-04T21:03:21.547Z"}
{"level":"error","message":"GENERAL | Attempt to reconnect to http://www.emag.ro","timestamp":"2017-05-04T21:03:22.684Z"}
{"level":"error","message":"GENERAL | Attempt to reconnect to http://www.emag.ro","timestamp":"2017-05-04T21:03:23.810Z"}
{"level":"error","message":"GENERAL | Attempt to reconnect to http://www.emag.ro","timestamp":"2017-05-04T21:03:24.925Z"}
{"level":"error","message":"GENERAL | Attempt to reconnect to http://www.emag.ro","timestamp":"2017-05-04T21:03:26.059Z"}
{"level":"error","message":"GENERAL | Failed to connect to http://www.emag.ro","timestamp":"2017-05-04T21:03:26.189Z"}
{"level":"info","message":"GENERAL | status code: 200 on http://www.pcgarage.ro","timestamp":"2017-05-04T21:06:02.988Z"}
{"level":"error","message":"GENERAL | Attempt to reconnect to http://www.emag.ro","timestamp":"2017-05-04T21:06:03.061Z"}
{"level":"error","message":"GENERAL | Attempt to reconnect to http://www.emag.ro","timestamp":"2017-05-04T21:06:04.184Z"}
{"level":"error","message":"GENERAL | Attempt to reconnect to http://www.emag.ro","timestamp":"2017-05-04T21:06:05.315Z"}
{"level":"info","message":"GENERAL | status code: 200 on http://www.pcgarage.ro","timestamp":"2017-05-05T21:06:27.204Z"}
{"level":"info","message":"PC-GARAGE | price: ","timestamp":"2017-05-05T21:06:27.813Z"}
{"level":"error","message":"GENERAL | Attempt to reconnect to http://www.emag.ro","timestamp":"2017-05-05T21:06:27.814Z"}
{"level":"error","message":"GENERAL | Attempt to reconnect to http://www.emag.ro","timestamp":"2017-05-05T21:06:28.932Z"}
{"level":"error","message":"GENERAL | Attempt to reconnect to http://www.emag.ro","timestamp":"2017-05-05T21:06:30.056Z"}
{"level":"error","message":"GENERAL | Attempt to reconnect to http://www.emag.ro","timestamp":"2017-05-05T21:06:31.162Z"}
{"level":"error","message":"GENERAL | Attempt to reconnect to http://www.emag.ro","timestamp":"2017-05-05T21:06:32.283Z"}
{"level":"error","message":"GENERAL | Failed to connect to http://www.emag.ro","timestamp":"2017-05-05T21:06:32.401Z"}
{"level":"info","message":"GENERAL | status code: 200 on http://www.pcgarage.ro","timestamp":"2017-05-05T21:09:04.109Z"}
{"level":"info","message":"PC-GARAGE | price: ","timestamp":"2017-05-05T21:09:04.167Z"}
{"level":"error","message":"GENERAL | Attempt to reconnect to http://www.emag.ro","timestamp":"2017-05-05T21:09:04.445Z"}
{"level":"error","message":"GENERAL | Attempt to reconnect to http://www.emag.ro","timestamp":"2017-05-05T21:09:05.569Z"}
{"level":"error","message":"GENERAL | Attempt to reconnect to http://www.emag.ro","timestamp":"2017-05-05T21:09:06.691Z"}
{"level":"error","message":"GENERAL | Attempt to reconnect to http://www.emag.ro","timestamp":"2017-05-05T21:09:07.818Z"}
{"level":"error","message":"GENERAL | Attempt to reconnect to http://www.emag.ro","timestamp":"2017-05-05T21:09:08.957Z"}
{"level":"error","message":"GENERAL | Failed to connect to http://www.emag.ro","timestamp":"2017-05-05T21:09:09.088Z"}
{"level":"info","message":"GENERAL | status code: 200 on http://www.pcgarage.ro/ultrabook/","timestamp":"2017-05-05T21:17:39.434Z"}
{"level":"info","message":"PC-GARAGE | price: \nLenovo 13.3'' ThinkPad 13, FHD IPS, Procesor Intel® Core™ i5-6200U (3M Cache, up to 2.80 GHz), 8GB, 256GB...\n1 comentariu \nPeste 10 produse vandute\n  Diagonala: 13.3 inch\t\t\t\t\t\t\t\t\t  Familie: Intel® Core™ i5 din a...\t\t\t\t\t\t\t\t\t  Frecventa: 2,3 GHz\t\t\t\t\t\t\t\t\t  Capacitate: 8 GB\t\t\t\t\t\t\t\t\t  Capacitate SSD: 256 GB\t\t\t\t\t\t\t\t\t  Model: HD 520\t\t\t\t\t\t\t\t\t \nCadou+Discount\n         Lenovo Rucsac notebook 15.6 inch Basic Black  \n109,99 RON\n +   4.298,99 RON \nDiscount 400,00 RON\n \n* necumulabil cu alte discount-uri / vouchere\n    Expira 06.05.2017\n3.898,99 RONAdauga in cos021 365 65 65Adauga in comparatie\nLenovo 13.3'' ThinkPad 13, FHD IPS, Processor Intel® Core™ i7-6500U (4M Cache, up to 3.10 GHz), 8GB, 256GB...\n \nPeste 10 produse vandute\n  Diagonala: 13.3 inch\t\t\t\t\t\t\t\t\t  Familie: Intel® Core™ i7 din a...\t\t\t\t\t\t\t\t\t  Frecventa: 2,5 GHz\t\t\t\t\t\t\t\t\t  Capacitate: 8 GB\t\t\t\t\t\t\t\t\t  Capacitate SSD: 256 GB\t\t\t\t\t\t\t\t\t  Model: HD 520\t\t\t\t\t\t\t\t\t \nCadou+Discount\n         Lenovo Rucsac notebook 15.6 inch Basic Black  \n109,99 RON\n +   4.898,98 RON \nDiscount 400,00 RON\n \n* necumulabil cu alte discount-uri / vouchere\n    Expira 06.05.2017\n4.498,98 RONAdauga in cos021 365 65 65Adauga in comparatie\nDELL 15.6'' New XPS 15 (9560) UHD Touch, InfinityEdge, Procesor Intel® Core™ i7-7700HQ (6M Cache, up to...\n2 comentarii \nPeste 10 produse vandute\n  Diagonala: 15.6 inch\t\t\t\t\t\t\t\t\t  Familie: Intel® Core™ i7 din a...\t\t\t\t\t\t\t\t\t  Frecventa: 2,8 GHz\t\t\t\t\t\t\t\t\t  Capacitate: 32 GB\t\t\t\t\t\t\t\t\t  Capacitate SSD: 1 TB\t\t\t\t\t\t\t\t\t  Model: GTX 1050\t\t\t\t\t\t\t\t\t \nPromo\n   \nPret promotional\n    Expira 13.05.2017\n12.998,99 RONAdauga in cos021 365 65 65Adauga in comparatie\nDELL 15.6'' XPS 15 (9550) FHD InfinityEdge, Procesor Intel® Core™ i7-6700HQ (6M Cache, up to 3.50 GHz),...\n \nPeste 10 produse vandute\n  Diagonala: 15.6 inch\t\t\t\t\t\t\t\t\t  Familie: Intel® Core™ i7 din a...\t\t\t\t\t\t\t\t\t  Frecventa: 2,6 GHz\t\t\t\t\t\t\t\t\t  Capacitate: 16 GB\t\t\t\t\t\t\t\t\t  Capacitate SSD: 512 GB\t\t\t\t\t\t\t\t\t  Model: GTX 960M\t\t\t\t\t\t\t\t\t \nDiscount\n   9.398,99 RON \nDiscount 400,00 RON\n \n* necumulabil cu alte discount-uri / vouchere\n    Expira 17.05.2017\n8.998,99 RONAdauga in cos021 365 65 65Adauga in comparatie\nDELL 15.6'' New XPS 15 (9560) FHD, InfinityEdge, Procesor Intel® Core™ i7-7700HQ (6M Cache, up to 3.80...\n  Diagonala: 15.6 inch\t\t\t\t\t\t\t\t\t  Familie: Intel® Core™ i7 din a...\t\t\t\t\t\t\t\t\t  Frecventa: 2,8 GHz\t\t\t\t\t\t\t\t\t  Capacitate: 8 GB\t\t\t\t\t\t\t\t\t  Capacitate SSD: 256 GB\t\t\t\t\t\t\t\t\t  Model: GTX 1050\t\t\t\t\t\t\t\t\t \nDiscount\n   8.998,99 RON \nDiscount 400,00 RON\n \n* necumulabil cu alte discount-uri / vouchere\n    Expira 13.05.2017\n8.598,99 RONAdauga in cos021 365 65 65Adauga in comparatie\nASUS 15.6'' Zenbook Pro UX501VW, UHD Touch, Procesor Intel® Core™ i7-6700HQ (6M Cache, up to 3.50 GHz),...\n4 comentarii \nPeste 50 produse vandute\n  Diagonala: 15.6 inch\t\t\t\t\t\t\t\t\t  Familie: Intel® Core™ i7 din a...\t\t\t\t\t\t\t\t\t  Frecventa: 2,6 GHz\t\t\t\t\t\t\t\t\t  Capacitate: 12 GB\t\t\t\t\t\t\t\t\t  Capacitate SSD: 256 GB\t\t\t\t\t\t\t\t\t  Model: GTX 960M\t\t\t\t\t\t\t\t\t \nPromo\n   \nPret promotional\n    Expira 13.05.2017\n6.998,99 RONAdauga in cos021 365 65 65Adauga in comparatie\nDELL 13.3'' New XPS 13 (9360), QHD+ Touch InfinityEdge, Procesor Intel® Core™ i7-7500U (4M Cache, up to...\n  Diagonala: 13.3 inch\t\t\t\t\t\t\t\t\t  Familie: Intel® Core™ i7 din a...\t\t\t\t\t\t\t\t\t  Frecventa: 2,7 GHz\t\t\t\t\t\t\t\t\t  Capacitate: 16 GB\t\t\t\t\t\t\t\t\t  Capacitate SSD: 512 GB\t\t\t\t\t\t\t\t\t  Model: HD 620\t\t\t\t\t\t\t\t\t 9.699,00 RONAdauga in cos021 365 65 65Adauga in comparatie\nDELL 15.6'' New XPS 15 (9560) UHD Touch, InfinityEdge, Procesor Intel® Core™ i7-7700HQ (6M Cache, up to...\n  Diagonala: 15.6 inch\t\t\t\t\t\t\t\t\t  Familie: Intel® Core™ i7 din a...\t\t\t\t\t\t\t\t\t  Frecventa: 2,8 GHz\t\t\t\t\t\t\t\t\t  Capacitate: 16 GB\t\t\t\t\t\t\t\t\t  Capacitate SSD: 512 GB\t\t\t\t\t\t\t\t\t  Model: GTX 1050\t\t\t\t\t\t\t\t\t 11.388,19 RONAdauga in cos021 365 65 65Adauga in comparatie\nASUS 13.3'' Zenbook UX310UA, FHD, Procesor Intel® Core™ i3-7100U (3M Cache, 2.40 GHz), 4GB DDR4, 500GB +...\n  Diagonala: 13.3 inch\t\t\t\t\t\t\t\t\t  Familie: Intel® Core™ i3 din a...\t\t\t\t\t\t\t\t\t  Frecventa: 2,4 GHz\t\t\t\t\t\t\t\t\t  Capacitate: 4 GB\t\t\t\t\t\t\t\t\t  Capacitate HDD: 500 GB\t\t\t\t\t\t\t\t\t  Capacitate SSD: 128 GB\t\t\t\t\t\t\t\t\t  Model: HD 620\t\t\t\t\t\t\t\t\t \nPromo\n   \nPret promotional\n    Expira 13.05.2017\n3.498,99 RONAdauga in cos021 365 65 65Adauga in comparatie\nLenovo 13.3'' IdeaPad 710S Plus, FHD IPS, Procesor Intel® Core™ i5-7200U (3M Cache, up to 3.10 GHz), 8GB...\n  Diagonala: 13.3 inch\t\t\t\t\t\t\t\t\t  Familie: Intel® Core™ i5 din a...\t\t\t\t\t\t\t\t\t  Frecventa: 2,5 GHz\t\t\t\t\t\t\t\t\t  Capacitate: 8 GB\t\t\t\t\t\t\t\t\t  Capacitate SSD: 512 GB\t\t\t\t\t\t\t\t\t  Model: 940MX\t\t\t\t\t\t\t\t\t 4.461,31 RONAdauga in cos021 365 65 65Adauga in comparatie\nDELL 15.6'' XPS 15 (9550) UHD Touch InfinityEdge, Procesor Intel® Core™ i5-6300HQ (6M Cache, up to 3.20...\n  Diagonala: 15.6 inch\t\t\t\t\t\t\t\t\t  Familie: Intel® Core™ i5 din a...\t\t\t\t\t\t\t\t\t  Frecventa: 2,3 GHz\t\t\t\t\t\t\t\t\t  Capacitate: 8 GB\t\t\t\t\t\t\t\t\t  Capacitate SSD: 256 GB\t\t\t\t\t\t\t\t\t  Model: GTX 960M\t\t\t\t\t\t\t\t\t 8.761,12 RONAdauga in cos021 365 65 65Adauga in comparatie\nLenovo 14'' New ThinkPad X1 Carbon 4th gen, WQHD IPS, Procesor Intel® Core™ i7-6500U (4M Cache, up to 3.10...\n  Diagonala: 14 inch\t\t\t\t\t\t\t\t\t  Familie: Intel® Core™ i7 din a...\t\t\t\t\t\t\t\t\t  Frecventa: 2,5 GHz\t\t\t\t\t\t\t\t\t  Capacitate: 8 GB\t\t\t\t\t\t\t\t\t  Capacitate SSD: 512 GB\t\t\t\t\t\t\t\t\t  Model: HD 520\t\t\t\t\t\t\t\t\t 9.206,74 RONAdauga in cos021 365 65 65Adauga in comparatie\nLenovo 14'' New ThinkPad X1 Carbon 4th gen, WQHD IPS, Procesor Intel® Core™ i7-6500U (4M Cache, up to 3.10...\n  Diagonala: 14 inch\t\t\t\t\t\t\t\t\t  Familie: Intel® Core™ i7 din a...\t\t\t\t\t\t\t\t\t  Frecventa: 2,5 GHz\t\t\t\t\t\t\t\t\t  Capacitate: 8 GB\t\t\t\t\t\t\t\t\t  Capacitate SSD: 512 GB\t\t\t\t\t\t\t\t\t  Model: HD 520\t\t\t\t\t\t\t\t\t 10.293,93 RONAdauga in cos021 365 65 65Adauga in comparatie\nLenovo 14'' New ThinkPad X1 Carbon 4th gen, WQHD IPS, Procesor Intel® Core™ i7-6600U (4M Cache, up to 3.40...\n  Diagonala: 14 inch\t\t\t\t\t\t\t\t\t  Familie: Intel® Core™ i7 din a...\t\t\t\t\t\t\t\t\t  Frecventa: 2,6 GHz\t\t\t\t\t\t\t\t\t  Capacitate: 16 GB\t\t\t\t\t\t\t\t\t  Capacitate SSD: 512 GB\t\t\t\t\t\t\t\t\t  Model: HD 520\t\t\t\t\t\t\t\t\t 11.346,62 RONAdauga in cos021 365 65 65Adauga in comparatie\nAcer 14'' Swift SF314-51, FHD, Procesor Intel® Core™ i5-7200U (3M Cache, up to 3.10 GHz), 8GB DDR4, 256GB...\n  Diagonala: 14 inch\t\t\t\t\t\t\t\t\t  Familie: Intel® Core™ i5 din a...\t\t\t\t\t\t\t\t\t  Frecventa: 2,5 GHz\t\t\t\t\t\t\t\t\t  Capacitate: 8 GB\t\t\t\t\t\t\t\t\t  Capacitate SSD: 256 GB\t\t\t\t\t\t\t\t\t  Model: HD 620\t\t\t\t\t\t\t\t\t 3.643,25 RONAdauga in cos021 365 65 65Adauga in comparatie\nLenovo 12.5'' ThinkPad X260, FHD IPS, Procesor Intel® Core™ i7-6500U (4M Cache, up to 3.10 GHz), 8GB, 256GB...\n  Diagonala: 12.5 inch\t\t\t\t\t\t\t\t\t  Familie: Intel® Core™ i7 din a...\t\t\t\t\t\t\t\t\t  Frecventa: 2,5 GHz\t\t\t\t\t\t\t\t\t  Capacitate: 8 GB\t\t\t\t\t\t\t\t\t  Capacitate SSD: 256 GB\t\t\t\t\t\t\t\t\t  Model: HD 520\t\t\t\t\t\t\t\t\t 6.643,18 RONAdauga in cos021 365 65 65Adauga in comparatie\nDELL 13.3'' New XPS 13 (9350), QHD+ Touch InfinityEdge, Procesor Intel® Core™ i7-6560U (4M Cache, up to...\n  Diagonala: 13.3 inch\t\t\t\t\t\t\t\t\t  Familie: Intel® Core™ i7 din a...\t\t\t\t\t\t\t\t\t  Frecventa: 2,2 GHz\t\t\t\t\t\t\t\t\t  Capacitate: 8 GB\t\t\t\t\t\t\t\t\t  Capacitate SSD: 256 GB\t\t\t\t\t\t\t\t\t  Model: Iris 540\t\t\t\t\t\t\t\t\t \nDiscount\n   8.798,99 RON \nDiscount 1.700,00 RON\n \n* necumulabil cu alte discount-uri / vouchere\n    Expira 07.05.2017\n7.098,99 RONAdauga in cos021 365 65 65Adauga in comparatie\nLenovo 14'' New ThinkPad X1 Carbon 4th gen, FHD IPS, Procesor Intel® Core™ i5-6200U (3M Cache, up to 2.80...\n  Diagonala: 14 inch\t\t\t\t\t\t\t\t\t  Familie: Intel® Core™ i5 din a...\t\t\t\t\t\t\t\t\t  Frecventa: 2,3 GHz\t\t\t\t\t\t\t\t\t  Capacitate: 8 GB\t\t\t\t\t\t\t\t\t  Capacitate SSD: 256 GB\t\t\t\t\t\t\t\t\t  Model: HD 520\t\t\t\t\t\t\t\t\t 7.183,96 RONAdauga in cos021 365 65 65Adauga in comparatie\nDELL 13.3'' New XPS 13 (9360), QHD+ Touch InfinityEdge, Procesor Intel® Core™ i7-7500U (4M Cache, up to...\n  Diagonala: 13.3 inch\t\t\t\t\t\t\t\t\t  Familie: Intel® Core™ i7 din a...\t\t\t\t\t\t\t\t\t  Frecventa: 2,7 GHz\t\t\t\t\t\t\t\t\t  Capacitate: 16 GB\t\t\t\t\t\t\t\t\t  Capacitate SSD: 1 TB\t\t\t\t\t\t\t\t\t  Model: HD 620\t\t\t\t\t\t\t\t\t 9.923,39 RONAdauga in cos021 365 65 65Adauga in comparatie\nASUS 14'' ZenBook UX430UA, FHD, Procesor Intel® Core™ i7-7500 (4M Cache, up to 3.50 GHz), 8GB DDR4, 256GB...\n  Diagonala: 14 inch\t\t\t\t\t\t\t\t\t  Familie: Intel® Core™ i7 din a...\t\t\t\t\t\t\t\t\t  Frecventa: 2,7 GHz\t\t\t\t\t\t\t\t\t  Capacitate: 8 GB\t\t\t\t\t\t\t\t\t  Capacitate SSD: 256 GB\t\t\t\t\t\t\t\t\t  Model: HD 620\t\t\t\t\t\t\t\t\t \nPromo\n   \nPret promotional\n    Expira 13.05.2017\n4.988,99 RONAdauga in cos021 365 65 65Adauga in comparatieTitluRaspunsuriData \nRecomandare laptop pentru editare foto\n 1223.04.2017 00:46 \nRecomandare Laptop 5600 - 6200 lei\n 1229.04.2017 20:11 \nLaptop gaming\n 1104.05.2017 12:44 \nLaptop gaming!\n 1005.05.2017 23:59 \nSystem . High CPU usage.\n 901.05.2017 00:53 \nRecomandare laptop (Editare foto > Gaming)\n 905.05.2017 01:14 \nLaptop business\n 925.04.2017 19:11 \nLaptop Gaming\n 825.04.2017 14:17 \nRecomandare Laptop gaming 3500 - 4000 RON & laptop casual @1800 RON\n 701.05.2017 22:10 \nNot Charging 95% - Ati patit?\n 726.04.2017 10:14","timestamp":"2017-05-05T21:17:39.521Z"}
{"level":"error","message":"GENERAL | Attempt to reconnect to http://www.emag.ro","timestamp":"2017-05-05T21:17:39.837Z"}
{"level":"error","message":"GENERAL | Attempt to reconnect to http://www.emag.ro","timestamp":"2017-05-05T21:17:40.956Z"}
{"level":"error","message":"GENERAL | Attempt to reconnect to http://www.emag.ro","timestamp":"2017-05-05T21:17:42.095Z"}
{"level":"error","message":"GENERAL | Attempt to reconnect to http://www.emag.ro","timestamp":"2017-05-05T21:17:43.220Z"}
{"level":"error","message":"GENERAL | Attempt to reconnect to http://www.emag.ro","timestamp":"2017-05-05T21:17:44.351Z"}
{"level":"error","message":"GENERAL | Failed to connect to http://www.emag.ro","timestamp":"2017-05-05T21:17:44.466Z"}
